[0.032s] Invoking command in '/home/bjorn/Documents/ros-projects/control_ws/build/ros2_control_demo_example_2': CMAKE_PREFIX_PATH=/opt/ros/humble /home/bjorn/.local/bin/cmake /home/bjorn/Documents/ros-projects/control_ws/src/example_2 -DCMAKE_INSTALL_PREFIX=/home/bjorn/Documents/ros-projects/control_ws/install/ros2_control_demo_example_2
[0.221s] -- The CXX compiler identification is GNU 11.3.0
[0.241s] -- Detecting CXX compiler ABI info
[0.342s] -- Detecting CXX compiler ABI info - done
[0.362s] -- Check for working CXX compiler: /usr/bin/c++ - skipped
[0.363s] -- Detecting CXX compile features
[0.364s] -- Detecting CXX compile features - done
[0.370s] -- Found ament_cmake: 1.3.3 (/opt/ros/humble/share/ament_cmake/cmake)
[0.680s] -- Found Python3: /usr/bin/python3.10 (found version "3.10.6") found components: Interpreter 
[0.870s] -- Found hardware_interface: 2.24.1 (/opt/ros/humble/share/hardware_interface/cmake)
[0.971s] -- Found rosidl_generator_c: 3.1.4 (/opt/ros/humble/share/rosidl_generator_c/cmake)
[0.984s] -- Found rosidl_adapter: 3.1.4 (/opt/ros/humble/share/rosidl_adapter/cmake)
[1.011s] -- Found rosidl_generator_cpp: 3.1.4 (/opt/ros/humble/share/rosidl_generator_cpp/cmake)
[1.050s] -- Using all available rosidl_typesupport_c: rosidl_typesupport_fastrtps_c;rosidl_typesupport_introspection_c
[1.112s] -- Using all available rosidl_typesupport_cpp: rosidl_typesupport_fastrtps_cpp;rosidl_typesupport_introspection_cpp
[2.754s] -- Found rmw_implementation_cmake: 6.1.1 (/opt/ros/humble/share/rmw_implementation_cmake/cmake)
[2.760s] -- Found rmw_fastrtps_cpp: 6.2.2 (/opt/ros/humble/share/rmw_fastrtps_cpp/cmake)
[2.956s] -- Found OpenSSL: /usr/lib/x86_64-linux-gnu/libcrypto.so (found version "3.0.2")  
[3.022s] -- Found FastRTPS: /opt/ros/humble/include  
[3.125s] -- Using RMW implementation 'rmw_fastrtps_cpp' as default
[3.156s] -- Performing Test CMAKE_HAVE_LIBC_PTHREAD
[3.302s] -- Performing Test CMAKE_HAVE_LIBC_PTHREAD - Success
[3.305s] -- Found Threads: TRUE  
[3.835s] -- Found ament_cmake_gtest: 1.3.3 (/opt/ros/humble/share/ament_cmake_gtest/cmake)
[3.990s] -- Configuring done (3.9s)
[4.059s] -- Generating done (0.1s)
[4.067s] -- Build files have been written to: /home/bjorn/Documents/ros-projects/control_ws/build/ros2_control_demo_example_2
[4.095s] Invoked command in '/home/bjorn/Documents/ros-projects/control_ws/build/ros2_control_demo_example_2' returned '0': CMAKE_PREFIX_PATH=/opt/ros/humble /home/bjorn/.local/bin/cmake /home/bjorn/Documents/ros-projects/control_ws/src/example_2 -DCMAKE_INSTALL_PREFIX=/home/bjorn/Documents/ros-projects/control_ws/install/ros2_control_demo_example_2
[4.098s] Invoking command in '/home/bjorn/Documents/ros-projects/control_ws/build/ros2_control_demo_example_2': CMAKE_PREFIX_PATH=/opt/ros/humble /home/bjorn/.local/bin/cmake --build /home/bjorn/Documents/ros-projects/control_ws/build/ros2_control_demo_example_2 -- -j4 -l4
[4.196s] [ 50%] [32mBuilding CXX object CMakeFiles/ros2_control_demo_example_2.dir/hardware/diffbot_system.cpp.o[0m
[10.109s] [100%] [32m[1mLinking CXX shared library libros2_control_demo_example_2.so[0m
[10.374s] [100%] Built target ros2_control_demo_example_2
[10.384s] Invoked command in '/home/bjorn/Documents/ros-projects/control_ws/build/ros2_control_demo_example_2' returned '0': CMAKE_PREFIX_PATH=/opt/ros/humble /home/bjorn/.local/bin/cmake --build /home/bjorn/Documents/ros-projects/control_ws/build/ros2_control_demo_example_2 -- -j4 -l4
[10.497s] Invoking command in '/home/bjorn/Documents/ros-projects/control_ws/build/ros2_control_demo_example_2': CMAKE_PREFIX_PATH=/opt/ros/humble /home/bjorn/.local/bin/cmake --install /home/bjorn/Documents/ros-projects/control_ws/build/ros2_control_demo_example_2
[10.549s] -- Install configuration: ""
[10.550s] -- Installing: /home/bjorn/Documents/ros-projects/control_ws/install/ros2_control_demo_example_2/share/ros2_control_demo_example_2/ros2_control_demo_example_2.xml
[10.550s] -- Installing: /home/bjorn/Documents/ros-projects/control_ws/install/ros2_control_demo_example_2/include/ros2_control_demo_example_2
[10.550s] -- Installing: /home/bjorn/Documents/ros-projects/control_ws/install/ros2_control_demo_example_2/include/ros2_control_demo_example_2/ros2_control_demo_example_2
[10.551s] -- Installing: /home/bjorn/Documents/ros-projects/control_ws/install/ros2_control_demo_example_2/include/ros2_control_demo_example_2/ros2_control_demo_example_2/diffbot_system.hpp
[10.551s] -- Installing: /home/bjorn/Documents/ros-projects/control_ws/install/ros2_control_demo_example_2/include/ros2_control_demo_example_2/ros2_control_demo_example_2/visibility_control.h
[10.551s] -- Installing: /home/bjorn/Documents/ros-projects/control_ws/install/ros2_control_demo_example_2/share/ros2_control_demo_example_2/launch
[10.552s] -- Installing: /home/bjorn/Documents/ros-projects/control_ws/install/ros2_control_demo_example_2/share/ros2_control_demo_example_2/launch/view_robot.launch.py
[10.553s] -- Installing: /home/bjorn/Documents/ros-projects/control_ws/install/ros2_control_demo_example_2/share/ros2_control_demo_example_2/ros2_control
[10.553s] -- Installing: /home/bjorn/Documents/ros-projects/control_ws/install/ros2_control_demo_example_2/share/ros2_control_demo_example_2/ros2_control/diffbot.ros2_control.xacro
[10.553s] -- Installing: /home/bjorn/Documents/ros-projects/control_ws/install/ros2_control_demo_example_2/share/ros2_control_demo_example_2/urdf
[10.553s] -- Installing: /home/bjorn/Documents/ros-projects/control_ws/install/ros2_control_demo_example_2/share/ros2_control_demo_example_2/urdf/diffbot.materials.xacro
[10.554s] -- Installing: /home/bjorn/Documents/ros-projects/control_ws/install/ros2_control_demo_example_2/share/ros2_control_demo_example_2/urdf/diffbot_description.urdf.xacro
[10.554s] -- Installing: /home/bjorn/Documents/ros-projects/control_ws/install/ros2_control_demo_example_2/share/ros2_control_demo_example_2/urdf/diffbot.urdf.xacro
[10.554s] -- Installing: /home/bjorn/Documents/ros-projects/control_ws/install/ros2_control_demo_example_2/share/ros2_control_demo_example_2/rviz
[10.554s] -- Installing: /home/bjorn/Documents/ros-projects/control_ws/install/ros2_control_demo_example_2/share/ros2_control_demo_example_2/rviz/diffbot.rviz
[10.554s] -- Installing: /home/bjorn/Documents/ros-projects/control_ws/install/ros2_control_demo_example_2/share/ros2_control_demo_example_2/rviz/diffbot_view.rviz
[10.555s] -- Up-to-date: /home/bjorn/Documents/ros-projects/control_ws/install/ros2_control_demo_example_2/share/ros2_control_demo_example_2/launch
[10.555s] -- Installing: /home/bjorn/Documents/ros-projects/control_ws/install/ros2_control_demo_example_2/share/ros2_control_demo_example_2/launch/diffbot.launch.py
[10.555s] -- Installing: /home/bjorn/Documents/ros-projects/control_ws/install/ros2_control_demo_example_2/share/ros2_control_demo_example_2/config
[10.555s] -- Installing: /home/bjorn/Documents/ros-projects/control_ws/install/ros2_control_demo_example_2/share/ros2_control_demo_example_2/config/diffbot_controllers.yaml
[10.555s] -- Installing: /home/bjorn/Documents/ros-projects/control_ws/install/ros2_control_demo_example_2/lib/libros2_control_demo_example_2.so
[10.556s] -- Set runtime path of "/home/bjorn/Documents/ros-projects/control_ws/install/ros2_control_demo_example_2/lib/libros2_control_demo_example_2.so" to ""
[10.556s] -- Installing: /home/bjorn/Documents/ros-projects/control_ws/install/ros2_control_demo_example_2/share/ros2_control_demo_example_2/environment/library_path.sh
[10.557s] -- Installing: /home/bjorn/Documents/ros-projects/control_ws/install/ros2_control_demo_example_2/share/ros2_control_demo_example_2/environment/library_path.dsv
[10.557s] -- Installing: /home/bjorn/Documents/ros-projects/control_ws/install/ros2_control_demo_example_2/share/ament_index/resource_index/package_run_dependencies/ros2_control_demo_example_2
[10.557s] -- Installing: /home/bjorn/Documents/ros-projects/control_ws/install/ros2_control_demo_example_2/share/ament_index/resource_index/parent_prefix_path/ros2_control_demo_example_2
[10.557s] -- Installing: /home/bjorn/Documents/ros-projects/control_ws/install/ros2_control_demo_example_2/share/ros2_control_demo_example_2/environment/ament_prefix_path.sh
[10.558s] -- Installing: /home/bjorn/Documents/ros-projects/control_ws/install/ros2_control_demo_example_2/share/ros2_control_demo_example_2/environment/ament_prefix_path.dsv
[10.558s] -- Installing: /home/bjorn/Documents/ros-projects/control_ws/install/ros2_control_demo_example_2/share/ros2_control_demo_example_2/environment/path.sh
[10.558s] -- Installing: /home/bjorn/Documents/ros-projects/control_ws/install/ros2_control_demo_example_2/share/ros2_control_demo_example_2/environment/path.dsv
[10.558s] -- Installing: /home/bjorn/Documents/ros-projects/control_ws/install/ros2_control_demo_example_2/share/ros2_control_demo_example_2/local_setup.bash
[10.558s] -- Installing: /home/bjorn/Documents/ros-projects/control_ws/install/ros2_control_demo_example_2/share/ros2_control_demo_example_2/local_setup.sh
[10.559s] -- Installing: /home/bjorn/Documents/ros-projects/control_ws/install/ros2_control_demo_example_2/share/ros2_control_demo_example_2/local_setup.zsh
[10.559s] -- Installing: /home/bjorn/Documents/ros-projects/control_ws/install/ros2_control_demo_example_2/share/ros2_control_demo_example_2/local_setup.dsv
[10.559s] -- Installing: /home/bjorn/Documents/ros-projects/control_ws/install/ros2_control_demo_example_2/share/ros2_control_demo_example_2/package.dsv
[10.559s] -- Installing: /home/bjorn/Documents/ros-projects/control_ws/install/ros2_control_demo_example_2/share/ament_index/resource_index/packages/ros2_control_demo_example_2
[10.559s] -- Installing: /home/bjorn/Documents/ros-projects/control_ws/install/ros2_control_demo_example_2/share/ament_index/resource_index/hardware_interface__pluginlib__plugin/ros2_control_demo_example_2
[10.560s] -- Installing: /home/bjorn/Documents/ros-projects/control_ws/install/ros2_control_demo_example_2/share/ros2_control_demo_example_2/cmake/export_ros2_control_demo_example_2Export.cmake
[10.560s] -- Installing: /home/bjorn/Documents/ros-projects/control_ws/install/ros2_control_demo_example_2/share/ros2_control_demo_example_2/cmake/export_ros2_control_demo_example_2Export-noconfig.cmake
[10.560s] -- Installing: /home/bjorn/Documents/ros-projects/control_ws/install/ros2_control_demo_example_2/share/ros2_control_demo_example_2/cmake/ament_cmake_export_targets-extras.cmake
[10.560s] -- Installing: /home/bjorn/Documents/ros-projects/control_ws/install/ros2_control_demo_example_2/share/ros2_control_demo_example_2/cmake/ament_cmake_export_dependencies-extras.cmake
[10.561s] -- Installing: /home/bjorn/Documents/ros-projects/control_ws/install/ros2_control_demo_example_2/share/ros2_control_demo_example_2/cmake/ros2_control_demo_example_2Config.cmake
[10.561s] -- Installing: /home/bjorn/Documents/ros-projects/control_ws/install/ros2_control_demo_example_2/share/ros2_control_demo_example_2/cmake/ros2_control_demo_example_2Config-version.cmake
[10.561s] -- Installing: /home/bjorn/Documents/ros-projects/control_ws/install/ros2_control_demo_example_2/share/ros2_control_demo_example_2/package.xml
[10.577s] Invoked command in '/home/bjorn/Documents/ros-projects/control_ws/build/ros2_control_demo_example_2' returned '0': CMAKE_PREFIX_PATH=/opt/ros/humble /home/bjorn/.local/bin/cmake --install /home/bjorn/Documents/ros-projects/control_ws/build/ros2_control_demo_example_2
